[ 2015-09-22T00:07:47+08:00 ] 121.204.233.54 /
INFO: [ app_init ] --START--
INFO: Run Behavior\BuildLiteBehavior [ RunTime:0.000046s ]
INFO: [ app_init ] --END-- [ RunTime:0.000914s ]
INFO: [ app_begin ] --START--
INFO: Run Behavior\ReadHtmlCacheBehavior [ RunTime:0.000642s ]
INFO: [ app_begin ] --END-- [ RunTime:0.000722s ]
INFO: [ view_parse ] --START--
INFO: [ template_filter ] --START--
INFO: Run Behavior\ContentReplaceBehavior [ RunTime:0.000056s ]
INFO: [ template_filter ] --END-- [ RunTime:0.000176s ]
INFO: Run Behavior\ParseTemplateBehavior [ RunTime:0.005871s ]
INFO: [ view_parse ] --END-- [ RunTime:0.005940s ]
INFO: [ view_filter ] --START--
INFO: Run Behavior\WriteHtmlCacheBehavior [ RunTime:0.000285s ]
INFO: [ view_filter ] --END-- [ RunTime:0.000337s ]
INFO: [ app_end ] --START--
INFO: Run Behavior\ShowPageTraceBehavior [ RunTime:0.000594s ]
INFO: [ app_end ] --END-- [ RunTime:0.000665s ]

[ 2015-09-22T00:07:56+08:00 ] 121.204.233.54 /
INFO: [ app_init ] --START--
INFO: Run Behavior\BuildLiteBehavior [ RunTime:0.000025s ]
INFO: [ app_init ] --END-- [ RunTime:0.000428s ]
INFO: [ app_begin ] --START--
INFO: Run Behavior\ReadHtmlCacheBehavior [ RunTime:0.000560s ]
INFO: [ app_begin ] --END-- [ RunTime:0.000632s ]
INFO: [ view_parse ] --START--
INFO: [ template_filter ] --START--
INFO: Run Behavior\ContentReplaceBehavior [ RunTime:0.000061s ]
INFO: [ template_filter ] --END-- [ RunTime:0.000194s ]
INFO: Run Behavior\ParseTemplateBehavior [ RunTime:0.009918s ]
INFO: [ view_parse ] --END-- [ RunTime:0.010001s ]
INFO: [ view_filter ] --START--
INFO: Run Behavior\WriteHtmlCacheBehavior [ RunTime:0.000409s ]
INFO: [ view_filter ] --END-- [ RunTime:0.000485s ]
INFO: [ app_end ] --START--
INFO: Run Behavior\ShowPageTraceBehavior [ RunTime:0.000685s ]
INFO: [ app_end ] --END-- [ RunTime:0.000787s ]

[ 2015-09-22T02:12:17+08:00 ] 220.181.132.194 /
INFO: [ app_init ] --START--
INFO: Run Behavior\BuildLiteBehavior [ RunTime:0.000036s ]
INFO: [ app_init ] --END-- [ RunTime:0.000669s ]
INFO: [ app_begin ] --START--
INFO: Run Behavior\ReadHtmlCacheBehavior [ RunTime:0.000896s ]
INFO: [ app_begin ] --END-- [ RunTime:0.001010s ]
INFO: [ view_parse ] --START--
INFO: [ template_filter ] --START--
INFO: Run Behavior\ContentReplaceBehavior [ RunTime:0.000064s ]
INFO: [ template_filter ] --END-- [ RunTime:0.000207s ]
INFO: Run Behavior\ParseTemplateBehavior [ RunTime:0.007787s ]
INFO: [ view_parse ] --END-- [ RunTime:0.007909s ]
INFO: [ view_filter ] --START--
INFO: Run Behavior\WriteHtmlCacheBehavior [ RunTime:0.000470s ]
INFO: [ view_filter ] --END-- [ RunTime:0.000562s ]
INFO: [ app_end ] --START--
INFO: Run Behavior\ShowPageTraceBehavior [ RunTime:0.000881s ]
INFO: [ app_end ] --END-- [ RunTime:0.000975s ]

[ 2015-09-22T02:12:29+08:00 ] 101.199.108.53 /
INFO: [ app_init ] --START--
INFO: Run Behavior\BuildLiteBehavior [ RunTime:0.000025s ]
INFO: [ app_init ] --END-- [ RunTime:0.000491s ]
INFO: [ app_begin ] --START--
INFO: Run Behavior\ReadHtmlCacheBehavior [ RunTime:0.000559s ]
INFO: [ app_begin ] --END-- [ RunTime:0.000633s ]
INFO: [ view_parse ] --START--
INFO: [ template_filter ] --START--
INFO: Run Behavior\ContentReplaceBehavior [ RunTime:0.000040s ]
INFO: [ template_filter ] --END-- [ RunTime:0.000121s ]
INFO: Run Behavior\ParseTemplateBehavior [ RunTime:0.005472s ]
INFO: [ view_parse ] --END-- [ RunTime:0.005540s ]
INFO: [ view_filter ] --START--
INFO: Run Behavior\WriteHtmlCacheBehavior [ RunTime:0.000344s ]
INFO: [ view_filter ] --END-- [ RunTime:0.000396s ]
INFO: [ app_end ] --START--
INFO: Run Behavior\ShowPageTraceBehavior [ RunTime:0.000603s ]
INFO: [ app_end ] --END-- [ RunTime:0.000673s ]

[ 2015-09-22T02:12:29+08:00 ] 101.199.108.53 /
INFO: [ app_init ] --START--
INFO: Run Behavior\BuildLiteBehavior [ RunTime:0.000027s ]
INFO: [ app_init ] --END-- [ RunTime:0.000463s ]
INFO: [ app_begin ] --START--
INFO: Run Behavior\ReadHtmlCacheBehavior [ RunTime:0.000605s ]
INFO: [ app_begin ] --END-- [ RunTime:0.000676s ]
INFO: [ view_parse ] --START--
INFO: [ template_filter ] --START--
INFO: Run Behavior\ContentReplaceBehavior [ RunTime:0.000046s ]
INFO: [ template_filter ] --END-- [ RunTime:0.000147s ]
INFO: Run Behavior\ParseTemplateBehavior [ RunTime:0.006842s ]
INFO: [ view_parse ] --END-- [ RunTime:0.006924s ]
INFO: [ view_filter ] --START--
INFO: Run Behavior\WriteHtmlCacheBehavior [ RunTime:0.000298s ]
INFO: [ view_filter ] --END-- [ RunTime:0.000351s ]
INFO: [ app_end ] --START--
INFO: Run Behavior\ShowPageTraceBehavior [ RunTime:0.000824s ]
INFO: [ app_end ] --END-- [ RunTime:0.000907s ]

[ 2015-09-22T02:14:09+08:00 ] 220.181.132.197 /
INFO: [ app_init ] --START--
INFO: Run Behavior\BuildLiteBehavior [ RunTime:0.000030s ]
INFO: [ app_init ] --END-- [ RunTime:0.000510s ]
INFO: [ app_begin ] --START--
INFO: Run Behavior\ReadHtmlCacheBehavior [ RunTime:0.000550s ]
INFO: [ app_begin ] --END-- [ RunTime:0.000624s ]
INFO: [ view_parse ] --START--
INFO: [ template_filter ] --START--
INFO: Run Behavior\ContentReplaceBehavior [ RunTime:0.000038s ]
INFO: [ template_filter ] --END-- [ RunTime:0.000113s ]
INFO: Run Behavior\ParseTemplateBehavior [ RunTime:0.005331s ]
INFO: [ view_parse ] --END-- [ RunTime:0.005397s ]
INFO: [ view_filter ] --START--
INFO: Run Behavior\WriteHtmlCacheBehavior [ RunTime:0.000294s ]
INFO: [ view_filter ] --END-- [ RunTime:0.000344s ]
INFO: [ app_end ] --START--
INFO: Run Behavior\ShowPageTraceBehavior [ RunTime:0.000590s ]
INFO: [ app_end ] --END-- [ RunTime:0.000658s ]

[ 2015-09-22T02:14:09+08:00 ] 220.181.132.197 /
INFO: [ app_init ] --START--
INFO: Run Behavior\BuildLiteBehavior [ RunTime:0.000031s ]
INFO: [ app_init ] --END-- [ RunTime:0.000618s ]
INFO: [ app_begin ] --START--
INFO: Run Behavior\ReadHtmlCacheBehavior [ RunTime:0.000727s ]
INFO: [ app_begin ] --END-- [ RunTime:0.000823s ]
INFO: [ view_parse ] --START--
INFO: [ template_filter ] --START--
INFO: Run Behavior\ContentReplaceBehavior [ RunTime:0.000052s ]
INFO: [ template_filter ] --END-- [ RunTime:0.000149s ]
INFO: Run Behavior\ParseTemplateBehavior [ RunTime:0.006528s ]
INFO: [ view_parse ] --END-- [ RunTime:0.006632s ]
INFO: [ view_filter ] --START--
INFO: Run Behavior\WriteHtmlCacheBehavior [ RunTime:0.000396s ]
INFO: [ view_filter ] --END-- [ RunTime:0.000469s ]
INFO: [ app_end ] --START--
INFO: Run Behavior\ShowPageTraceBehavior [ RunTime:0.000822s ]
INFO: [ app_end ] --END-- [ RunTime:0.000915s ]

[ 2015-09-22T05:26:50+08:00 ] 45.32.130.173 /
INFO: [ app_init ] --START--
INFO: Run Behavior\BuildLiteBehavior [ RunTime:0.000030s ]
INFO: [ app_init ] --END-- [ RunTime:0.000467s ]
INFO: [ app_begin ] --START--
INFO: Run Behavior\ReadHtmlCacheBehavior [ RunTime:0.000826s ]
INFO: [ app_begin ] --END-- [ RunTime:0.000923s ]
INFO: [ view_parse ] --START--
INFO: [ template_filter ] --START--
INFO: Run Behavior\ContentReplaceBehavior [ RunTime:0.000039s ]
INFO: [ template_filter ] --END-- [ RunTime:0.000130s ]
INFO: Run Behavior\ParseTemplateBehavior [ RunTime:0.005822s ]
INFO: [ view_parse ] --END-- [ RunTime:0.005966s ]
INFO: [ view_filter ] --START--
INFO: Run Behavior\WriteHtmlCacheBehavior [ RunTime:0.000360s ]
INFO: [ view_filter ] --END-- [ RunTime:0.000418s ]
INFO: [ app_end ] --START--
INFO: Run Behavior\ShowPageTraceBehavior [ RunTime:0.000646s ]
INFO: [ app_end ] --END-- [ RunTime:0.000724s ]

[ 2015-09-22T10:48:38+08:00 ] 66.249.67.23 /
INFO: [ app_init ] --START--
INFO: Run Behavior\BuildLiteBehavior [ RunTime:0.000023s ]
INFO: [ app_init ] --END-- [ RunTime:0.000510s ]
INFO: [ app_begin ] --START--
INFO: Run Behavior\ReadHtmlCacheBehavior [ RunTime:0.000694s ]
INFO: [ app_begin ] --END-- [ RunTime:0.000846s ]
INFO: [ view_parse ] --START--
INFO: [ template_filter ] --START--
INFO: Run Behavior\ContentReplaceBehavior [ RunTime:0.000036s ]
INFO: [ template_filter ] --END-- [ RunTime:0.000107s ]
INFO: Run Behavior\ParseTemplateBehavior [ RunTime:0.005539s ]
INFO: [ view_parse ] --END-- [ RunTime:0.005607s ]
INFO: [ view_filter ] --START--
INFO: Run Behavior\WriteHtmlCacheBehavior [ RunTime:0.000297s ]
INFO: [ view_filter ] --END-- [ RunTime:0.000348s ]
INFO: [ app_end ] --START--
INFO: Run Behavior\ShowPageTraceBehavior [ RunTime:0.000614s ]
INFO: [ app_end ] --END-- [ RunTime:0.000675s ]

[ 2015-09-22T12:45:26+08:00 ] 120.42.67.93 /
INFO: [ app_init ] --START--
INFO: Run Behavior\BuildLiteBehavior [ RunTime:0.000035s ]
INFO: [ app_init ] --END-- [ RunTime:0.000681s ]
INFO: [ app_begin ] --START--
INFO: Run Behavior\ReadHtmlCacheBehavior [ RunTime:0.000919s ]
INFO: [ app_begin ] --END-- [ RunTime:0.001088s ]
INFO: [ view_parse ] --START--
INFO: [ template_filter ] --START--
INFO: Run Behavior\ContentReplaceBehavior [ RunTime:0.000064s ]
INFO: [ template_filter ] --END-- [ RunTime:0.000239s ]
INFO: Run Behavior\ParseTemplateBehavior [ RunTime:0.232876s ]
INFO: [ view_parse ] --END-- [ RunTime:0.233035s ]
INFO: [ view_filter ] --START--
INFO: Run Behavior\WriteHtmlCacheBehavior [ RunTime:0.000578s ]
INFO: [ view_filter ] --END-- [ RunTime:0.000709s ]
INFO: [ app_end ] --START--
INFO: Run Behavior\ShowPageTraceBehavior [ RunTime:0.000636s ]
INFO: [ app_end ] --END-- [ RunTime:0.000709s ]

[ 2015-09-22T12:45:26+08:00 ] 120.42.67.93 /
INFO: [ app_init ] --START--
INFO: Run Behavior\BuildLiteBehavior [ RunTime:0.000032s ]
INFO: [ app_init ] --END-- [ RunTime:0.000448s ]
INFO: [ app_begin ] --START--
INFO: Run Behavior\ReadHtmlCacheBehavior [ RunTime:0.000556s ]
INFO: [ app_begin ] --END-- [ RunTime:0.000629s ]
INFO: [ view_parse ] --START--
INFO: [ template_filter ] --START--
INFO: Run Behavior\ContentReplaceBehavior [ RunTime:0.000050s ]
INFO: [ template_filter ] --END-- [ RunTime:0.000190s ]
INFO: Run Behavior\ParseTemplateBehavior [ RunTime:0.006696s ]
INFO: [ view_parse ] --END-- [ RunTime:0.006765s ]
INFO: [ view_filter ] --START--
INFO: Run Behavior\WriteHtmlCacheBehavior [ RunTime:0.000345s ]
INFO: [ view_filter ] --END-- [ RunTime:0.000425s ]
INFO: [ app_end ] --START--
INFO: Run Behavior\ShowPageTraceBehavior [ RunTime:0.000875s ]
INFO: [ app_end ] --END-- [ RunTime:0.000967s ]

[ 2015-09-22T23:21:13+08:00 ] 61.135.189.189 /?9
INFO: [ app_init ] --START--
INFO: Run Behavior\BuildLiteBehavior [ RunTime:0.000025s ]
INFO: [ app_init ] --END-- [ RunTime:0.000437s ]
INFO: [ app_begin ] --START--
INFO: Run Behavior\ReadHtmlCacheBehavior [ RunTime:0.000671s ]
INFO: [ app_begin ] --END-- [ RunTime:0.000747s ]
INFO: [ view_parse ] --START--
INFO: [ template_filter ] --START--
INFO: Run Behavior\ContentReplaceBehavior [ RunTime:0.000054s ]
INFO: [ template_filter ] --END-- [ RunTime:0.000173s ]
INFO: Run Behavior\ParseTemplateBehavior [ RunTime:0.006633s ]
INFO: [ view_parse ] --END-- [ RunTime:0.006706s ]
INFO: [ view_filter ] --START--
INFO: Run Behavior\WriteHtmlCacheBehavior [ RunTime:0.000314s ]
INFO: [ view_filter ] --END-- [ RunTime:0.000380s ]
INFO: [ app_end ] --START--
INFO: Run Behavior\ShowPageTraceBehavior [ RunTime:0.000639s ]
INFO: [ app_end ] --END-- [ RunTime:0.000713s ]

